<?xml version="1.0" encoding="UTF-8"?>
<testsuite name="com.studentapp.studentinfo.FirstSerenityTest" time="6.097" tests="8" errors="2" skipped="1" failures="1">
  <properties>
[...]
</properties>
  <testcase name="test001" classname="com.studentapp.studentinfo.FirstSerenityTest" time="5.72"/>
  <testcase name="thisIsManual" classname="com.studentapp.studentinfo.FirstSerenityTest" time="0"/>
  <testcase name="thisIsCompromised" classname="com.studentapp.studentinfo.FirstSerenityTest" time="0.022">
    <error message="E:\file.txt (The system cannot find the path specified)" type="java.io.FileNotFoundException"><![CDATA[java.io.FileNotFoundException: E:\file.txt (The system cannot find the path specified)
	at java.io.FileInputStream.open0(Native Method)
	at java.io.FileInputStream.open(FileInputStream.java:195)
	at java.io.FileInputStream.<init>(FileInputStream.java:138)
	at java.io.FileReader.<init>(FileReader.java:72)
	at com.studentapp.studentinfo.FirstSerenityTest.thisIsCompromised(FirstSerenityTest.java:68)
]]></error>
  </testcase>
  <testcase name="thisIsASkipped" classname="com.studentapp.studentinfo.FirstSerenityTest" time="0">
    <skipped/>
  </testcase>
  <testcase name="thisIsATestWithError" classname="com.studentapp.studentinfo.FirstSerenityTest" time="0">
    <error message="/ by zero" type="java.lang.ArithmeticException">java.lang.ArithmeticException: / by zero
	at com.studentapp.studentinfo.FirstSerenityTest.thisIsATestWithError(FirstSerenityTest.java:56)
</error>
  </testcase>
  <testcase name="thisIsFailing" classname="com.studentapp.studentinfo.FirstSerenityTest" time="0.153">
    <failure message="1 expectation failed.&#10;Expected status code &lt;400&gt; but was &lt;200&gt;.&#10;" type="java.lang.AssertionError"><![CDATA[java.lang.AssertionError: 1 expectation failed.
Expected status code <400> but was <200>.

	at sun.reflect.NativeConstructorAccessorImpl.newInstance0(Native Method)
	at sun.reflect.NativeConstructorAccessorImpl.newInstance(NativeConstructorAccessorImpl.java:62)
	at sun.reflect.DelegatingConstructorAccessorImpl.newInstance(DelegatingConstructorAccessorImpl.java:45)
	at java.lang.reflect.Constructor.newInstance(Constructor.java:423)
	at org.codehaus.groovy.reflection.CachedConstructor.invoke(CachedConstructor.java:83)
	at org.codehaus.groovy.reflection.CachedConstructor.doConstructorInvoke(CachedConstructor.java:77)
	at org.codehaus.groovy.runtime.callsite.ConstructorSite$ConstructorSiteNoUnwrap.callConstructor(ConstructorSite.java:84)
	at org.codehaus.groovy.runtime.callsite.CallSiteArray.defaultCallConstructor(CallSiteArray.java:60)
	at org.codehaus.groovy.runtime.callsite.AbstractCallSite.callConstructor(AbstractCallSite.java:235)
	at org.codehaus.groovy.runtime.callsite.AbstractCallSite.callConstructor(AbstractCallSite.java:247)
	at io.restassured.internal.ResponseSpecificationImpl$HamcrestAssertionClosure.validate(ResponseSpecificationImpl.groovy:471)
	at io.restassured.internal.ResponseSpecificationImpl$HamcrestAssertionClosure$validate$1.call(Unknown Source)
	at io.restassured.internal.ResponseSpecificationImpl.validateResponseIfRequired(ResponseSpecificationImpl.groovy:636)
	at sun.reflect.NativeMethodAccessorImpl.invoke0(Native Method)
	at sun.reflect.NativeMethodAccessorImpl.invoke(NativeMethodAccessorImpl.java:62)
	at sun.reflect.DelegatingMethodAccessorImpl.invoke(DelegatingMethodAccessorImpl.java:43)
	at java.lang.reflect.Method.invoke(Method.java:498)
	at org.codehaus.groovy.runtime.callsite.PogoMetaMethodSite$PogoCachedMethodSiteNoUnwrapNoCoerce.invoke(PogoMetaMethodSite.java:210)
	at org.codehaus.groovy.runtime.callsite.PogoMetaMethodSite.callCurrent(PogoMetaMethodSite.java:59)
	at org.codehaus.groovy.runtime.callsite.AbstractCallSite.callCurrent(AbstractCallSite.java:166)
	at io.restassured.internal.ResponseSpecificationImpl.statusCode(ResponseSpecificationImpl.groovy:122)
	at io.restassured.specification.ResponseSpecification$statusCode$0.callCurrent(Unknown Source)
	at io.restassured.internal.ResponseSpecificationImpl.statusCode(ResponseSpecificationImpl.groovy:130)
	at io.restassured.internal.ValidatableResponseOptionsImpl.statusCode(ValidatableResponseOptionsImpl.java:117)
	at com.studentapp.studentinfo.FirstSerenityTest.thisIsFailing(FirstSerenityTest.java:39)
]]></failure>
    <system-out><![CDATA[Request method:	GET
Request URI:	http://localhost:8080/student/list
Proxy:			<none>
Request params:	<none>
Query params:	<none>
Form params:	<none>
Path params:	<none>
Multiparts:		<none>
Headers:		Accept=*/*
Cookies:		<none>
Body:			<none>
HTTP/1.1 200 
Content-Type: application/json;charset=UTF-8
Transfer-Encoding: chunked
Date: Sat, 15 Jan 2022 13:15:17 GMT

[
    {
        "id": 1,
        "firstName": "Vernon",
        "lastName": "Harper",
        "email": "egestas.rhoncus.Proin@massaQuisqueporttitor.org",
        "programme": "Financial Analysis",
        "courses": [
            "Accounting",
            "Statistics"
        ]
    },
    {
        "id": 2,
        "firstName": "Murphy",
        "lastName": "Holmes",
        "email": "faucibus.orci.luctus@Duisac.net",
        "programme": "Financial Analysis",
        "courses": [
            "Accounting",
            "Statistics"
        ]
    },
    {
        "id": 3,
        "firstName": "Reece",
        "lastName": "Jason",
        "email": "tincidunt.dui@ultricessit.co.uk",
        "programme": "Computer Science",
        "courses": [
            "Calculus",
            "Algorithms",
            "Software Development",
            "Ethics"
        ]
    },
    {
        "id": 4,
        "firstName": "Orson",
        "lastName": "Armando",
        "email": "nascetur@conguea.com",
        "programme": "Computer Science",
        "courses": [
            "Calculus",
            "Algorithms",
            "Software Development",
            "Ethics"
        ]
    },
    {
        "id": 5,
        "firstName": "Cullen",
        "lastName": "Craig",
        "email": "imperdiet.ullamcorper@nonenimMauris.co.uk",
        "programme": "Disaster Management",
        "courses": [
            "Disaster Preparedness"
        ]
    },
    {
        "id": 6,
        "firstName": "Harper",
        "lastName": "Rashad",
        "email": "vestibulum@ridiculusmus.edu",
        "programme": "Disaster Management",
        "courses": [
            "Disaster Preparedness"
        ]
    },
    {
        "id": 7,
        "firstName": "Roth",
        "lastName": "Grant",
        "email": "eu.tellus@anuncIn.edu",
        "programme": "Mechanical Engineering",
        "courses": [
            "Machine Element Design",
            "Engineering Analysis I",
            "Calculus & Linear Algebra I "
        ]
    },
    {
        "id": 8,
        "firstName": "Jermaine",
        "lastName": "Alden",
        "email": "scelerisque.sed@senectuset.org",
        "programme": "Law",
        "courses": [
            "Criminal Law",
            "Constitutional Law",
            "Property Law",
            "Contracts"
        ]
    },
    {
        "id": 9,
        "firstName": "Sebastian",
        "lastName": "Jesse",
        "email": "faucibus@sed.co.uk",
        "programme": "Medicine",
        "courses": [
            "Anatomy",
            "Biochemistry",
            "Genetics",
            "Human Behavior."
        ]
    },
    {
        "id": 10,
        "firstName": "Todd",
        "lastName": "Beck",
        "email": "Fusce.dolor.quam@commodoauctor.org",
        "programme": "Financial Analysis",
        "courses": [
            "Accounting",
            "Statistics"
        ]
    },
    {
        "id": 11,
        "firstName": "Giacomo",
        "lastName": "Raphael",
        "email": "magnis.dis@idmagnaet.com",
        "programme": "Medicine",
        "courses": [
            "Anatomy",
            "Biochemistry",
            "Genetics",
            "Human Behavior."
        ]
    },
    {
        "id": 12,
        "firstName": "Chadwick",
        "lastName": "Lawrence",
        "email": "turpis.non.enim@sociisnatoque.com",
        "programme": "Criminology",
        "courses": [
            "Criminal Mind",
            "Gender, Crime and Justice ",
            "Philosophy of Law "
        ]
    },
    {
        "id": 13,
        "firstName": "Zachary",
        "lastName": "Vance",
        "email": "In.tincidunt.congue@Quisque.com",
        "programme": "Criminology",
        "courses": [
            "Criminal Mind",
            "Gender, Crime and Justice ",
            "Philosophy of Law "
        ]
    },
    {
        "id": 14,
        "firstName": "Denton",
        "lastName": "Walker",
        "email": "Integer.sem@iaculisodioNam.edu",
        "programme": "Mechanical Engineering",
        "courses": [
            "Machine Element Design",
            "Engineering Analysis I",
            "Calculus & Linear Algebra I "
        ]
    },
    {
        "id": 15,
        "firstName": "Hakeem",
        "lastName": "Fitzgerald",
        "email": "accumsan@luctuset.edu",
        "programme": "Financial Analysis",
        "courses": [
            "Accounting",
            "Statistics"
        ]
    },
    {
        "id": 16,
        "firstName": "Jakeem",
        "lastName": "Philip",
        "email": "montes.nascetur.ridiculus@loremDonec.com",
        "programme": "Mechanical Engineering",
        "courses": [
            "Machine Element Design",
            "Engineering Analysis I",
            "Calculus & Linear Algebra I "
        ]
    },
    {
        "id": 17,
        "firstName": "Amal",
        "lastName": "Emery",
        "email": "turpis.egestas.Aliquam@fermentum.net",
        "programme": "Computer Science",
        "courses": [
            "Calculus",
            "Algorithms",
            "Software Development",
            "Ethics"
        ]
    },
    {
        "id": 18,
        "firstName": "Reed",
        "lastName": "Wylie",
        "email": "Suspendisse.aliquet.sem@atrisus.org",
        "programme": "Medicine",
        "courses": [
            "Anatomy",
            "Biochemistry",
            "Genetics",
            "Human Behavior."
        ]
    },
    {
        "id": 19,
        "firstName": "Lev",
        "lastName": "Philip",
        "email": "dolor.elit.pellentesque@enimEtiamimperdiet.ca",
        "programme": "Computer Science",
        "courses": [
            "Calculus",
            "Algorithms",
            "Software Development",
            "Ethics"
        ]
    },
    {
        "id": 20,
        "firstName": "Lamar",
        "lastName": "Berk",
        "email": "leo.Vivamus@sit.org",
        "programme": "Medicine",
        "courses": [
            "Anatomy",
            "Biochemistry",
            "Genetics",
            "Human Behavior."
        ]
    },
    {
        "id": 21,
        "firstName": "Nathaniel",
        "lastName": "Colton",
        "email": "hendrerit@et.co.uk",
        "programme": "Medicine",
        "courses": [
            "Anatomy",
            "Biochemistry",
            "Genetics",
            "Human Behavior."
        ]
    },
    {
        "id": 22,
        "firstName": "Kennan",
        "lastName": "Jacob",
        "email": "vel.vulputate@vitaedolorDonec.ca",
        "programme": "Financial Analysis",
        "courses": [
            "Accounting",
            "Statistics"
        ]
    },
    {
        "id": 23,
        "firstName": "Omar",
        "lastName": "Colt",
        "email": "venenatis.a@Pellentesque.co.uk",
        "programme": "Mechanical Engineering",
        "courses": [
            "Machine Element Design",
            "Engineering Analysis I",
            "Calculus & Linear Algebra I "
        ]
    },
    {
        "id": 24,
        "firstName": "Tanek",
        "lastName": "Scott",
        "email": "Sed.malesuada@porttitoreros.ca",
        "programme": "Criminology",
        "courses": [
            "Criminal Mind",
            "Gender, Crime and Justice ",
            "Philosophy of Law "
        ]
    },
    {
        "id": 25,
        "firstName": "Paki",
        "lastName": "Samson",
        "email": "ornare@Mauriseuturpis.edu",
        "programme": "Law",
        "courses": [
            "Criminal Law",
            "Constitutional Law",
            "Property Law",
            "Contracts"
        ]
    },
    {
        "id": 26,
        "firstName": "James",
        "lastName": "Jonah",
        "email": "Nullam@Cras.net",
        "programme": "Mechanical Engineering",
        "courses": [
            "Machine Element Design",
            "Engineering Analysis I",
            "Calculus & Linear Algebra I "
        ]
    },
    {
        "id": 27,
        "firstName": "Cade",
        "lastName": "Vernon",
        "email": "pharetra.sed@Aliquamvulputateullamcorper.ca",
        "programme": "Mechanical Engineering",
        "courses": [
            "Machine Element Design",
            "Engineering Analysis I",
            "Calculus & Linear Algebra I "
        ]
    },
    {
        "id": 28,
        "firstName": "Quentin",
        "lastName": "Chadwick",
        "email": "sed.turpis.nec@risusQuisque.ca",
        "programme": "Mechanical Engineering",
        "courses": [
            "Machine Element Design",
            "Engineering Analysis I",
            "Calculus & Linear Algebra I "
        ]
    },
    {
        "id": 29,
        "firstName": "Arden",
        "lastName": "Abel",
        "email": "consequat.enim@ultricessit.com",
        "programme": "Law",
        "courses": [
            "Criminal Law",
            "Constitutional Law",
            "Property Law",
            "Contracts"
        ]
    },
    {
        "id": 30,
        "firstName": "Lars",
        "lastName": "Keith",
        "email": "Fusce@Quisquefringillaeuismod.org",
        "programme": "Medicine",
        "courses": [
            "Anatomy",
            "Biochemistry",
            "Genetics",
            "Human Behavior."
        ]
    },
    {
        "id": 31,
        "firstName": "Emmanuel",
        "lastName": "Gavin",
        "email": "ornare.libero@perinceptoshymenaeos.co.uk",
        "programme": "Criminology",
        "courses": [
            "Criminal Mind",
            "Gender, Crime and Justice ",
            "Philosophy of Law "
        ]
    },
    {
        "id": 32,
        "firstName": "Noah",
        "lastName": "Oren",
        "email": "Proin.vel@placerat.org",
        "programme": "Law",
        "courses": [
            "Criminal Law",
            "Constitutional Law",
            "Property Law",
            "Contracts"
        ]
    },
    {
        "id": 33,
        "firstName": "Mason",
        "lastName": "Barry",
        "email": "id@incursus.co.uk",
        "programme": "Law",
        "courses": [
            "Criminal Law",
            "Constitutional Law",
            "Property Law",
            "Contracts"
        ]
    },
    {
        "id": 34,
        "firstName": "Elliott",
        "lastName": "Brady",
        "email": "Vestibulum@adlitora.net",
        "programme": "Law",
        "courses": [
            "Criminal Law",
            "Constitutional Law",
            "Property Law",
            "Contracts"
        ]
    },
    {
        "id": 35,
        "firstName": "Nero",
        "lastName": "Brett",
        "email": "amet.ante@sit.com",
        "programme": "Disaster Management",
        "courses": [
            "Disaster Preparedness"
        ]
    },
    {
        "id": 36,
        "firstName": "Elvis",
        "lastName": "Abraham",
        "email": "neque@interdumfeugiat.net",
        "programme": "Disaster Management",
        "courses": [
            "Disaster Preparedness"
        ]
    },
    {
        "id": 37,
        "firstName": "Kieran",
        "lastName": "Ross",
        "email": "magnis.dis.parturient@laciniaorci.edu",
        "programme": "Disaster Management",
        "courses": [
            "Disaster Preparedness"
        ]
    },
    {
        "id": 38,
        "firstName": "Noah",
        "lastName": "Merrill",
        "email": "et@ipsum.net",
        "programme": "Medicine",
        "courses": [
            "Anatomy",
            "Biochemistry",
            "Genetics",
            "Human Behavior."
        ]
    },
    {
        "id": 39,
        "firstName": "Peter",
        "lastName": "Noble",
        "email": "turpis@sagittisplaceratCras.ca",
        "programme": "Computer Science",
        "courses": [
            "Calculus",
            "Algorithms",
            "Software Development",
            "Ethics"
        ]
    },
    {
        "id": 40,
        "firstName": "Axel",
        "lastName": "Bradley",
        "email": "ridiculus.mus@tempus.net",
        "programme": "Mechanical Engineering",
        "courses": [
            "Machine Element Design",
            "Engineering Analysis I",
            "Calculus & Linear Algebra I "
        ]
    },
    {
        "id": 41,
        "firstName": "Hashim",
        "lastName": "Chancellor",
        "email": "at.pretium@eleifendvitae.net",
        "programme": "Medicine",
        "courses": [
            "Anatomy",
            "Biochemistry",
            "Genetics",
            "Human Behavior."
        ]
    },
    {
        "id": 42,
        "firstName": "Alan",
        "lastName": "Connor",
        "email": "vel.turpis.Aliquam@metus.org",
        "programme": "Mechanical Engineering",
        "courses": [
            "Machine Element Design",
            "Engineering Analysis I",
            "Calculus & Linear Algebra I "
        ]
    },
    {
        "id": 43,
        "firstName": "Abel",
        "lastName": "Rudyard",
        "email": "orci.luctus.et@posuere.com",
        "programme": "Computer Science",
        "courses": [
            "Calculus",
            "Algorithms",
            "Software Development",
            "Ethics"
        ]
    },
    {
        "id": 44,
        "firstName": "Cedric",
        "lastName": "Zeus",
        "email": "Quisque.tincidunt@nullaanteiaculis.co.uk",
        "programme": "Law",
        "courses": [
            "Criminal Law",
            "Constitutional Law",
            "Property Law",
            "Contracts"
        ]
    },
    {
        "id": 45,
        "firstName": "Boris",
        "lastName": "Kato",
        "email": "dictum@tortorInteger.org",
        "programme": "Medicine",
        "courses": [
            "Anatomy",
            "Biochemistry",
            "Genetics",
            "Human Behavior."
        ]
    },
    {
        "id": 46,
        "firstName": "Walter",
        "lastName": "Phelan",
        "email": "diam@nectellusNunc.edu",
        "programme": "Law",
        "courses": [
            "Criminal Law",
            "Constitutional Law",
            "Property Law",
            "Contracts"
        ]
    },
    {
        "id": 47,
        "firstName": "Preston",
        "lastName": "Branden",
        "email": "sagittis.semper@urnaNullam.net",
        "programme": "Criminology",
        "courses": [
            "Criminal Mind",
            "Gender, Crime and Justice ",
            "Philosophy of Law "
        ]
    },
    {
        "id": 48,
        "firstName": "Kane",
        "lastName": "Alec",
        "email": "dignissim.Maecenas.ornare@adui.edu",
        "programme": "Law",
        "courses": [
            "Criminal Law",
            "Constitutional Law",
            "Property Law",
            "Contracts"
        ]
    },
    {
        "id": 49,
        "firstName": "Igor",
        "lastName": "Ezra",
        "email": "cursus.non.egestas@laciniaorci.net",
        "programme": "Criminology",
        "courses": [
            "Criminal Mind",
            "Gender, Crime and Justice ",
            "Philosophy of Law "
        ]
    },
    {
        "id": 50,
        "firstName": "Yoshio",
        "lastName": "Kato",
        "email": "Vivamus.rhoncus@semutcursus.ca",
        "programme": "Disaster Management",
        "courses": [
            "Disaster Preparedness"
        ]
    },
    {
        "id": 51,
        "firstName": "Fletcher",
        "lastName": "Vance",
        "email": "orci.lacus@hendreritDonecporttitor.net",
        "programme": "Computer Science",
        "courses": [
            "Calculus",
            "Algorithms",
            "Software Development",
            "Ethics"
        ]
    },
    {
        "id": 52,
        "firstName": "Burton",
        "lastName": "Merrill",
        "email": "mauris@malesuada.ca",
        "programme": "Law",
        "courses": [
            "Criminal Law",
            "Constitutional Law",
            "Property Law",
            "Contracts"
        ]
    },
    {
        "id": 53,
        "firstName": "Rafael",
        "lastName": "Vladimir",
        "email": "mauris.ipsum.porta@sit.ca",
        "programme": "Law",
        "courses": [
            "Criminal Law",
            "Constitutional Law",
            "Property Law",
            "Contracts"
        ]
    },
    {
        "id": 54,
        "firstName": "Dolan",
        "lastName": "Hyatt",
        "email": "augue.malesuada@Pellentesqueut.net",
        "programme": "Computer Science",
        "courses": [
            "Calculus",
            "Algorithms",
            "Software Development",
            "Ethics"
        ]
    },
    {
        "id": 55,
        "firstName": "Driscoll",
        "lastName": "Russell",
        "email": "Lorem.ipsum.dolor@eu.co.uk",
        "programme": "Computer Science",
        "courses": [
            "Calculus",
            "Algorithms",
            "Software Development",
            "Ethics"
        ]
    },
    {
        "id": 56,
        "firstName": "Boris",
        "lastName": "Dexter",
        "email": "purus@mollis.co.uk",
        "programme": "Law",
        "courses": [
            "Criminal Law",
            "Constitutional Law",
            "Property Law",
            "Contracts"
        ]
    },
    {
        "id": 57,
        "firstName": "Maxwell",
        "lastName": "Tarik",
        "email": "pharetra.Quisque.ac@facilisisSuspendisse.edu",
        "programme": "Criminology",
        "courses": [
            "Criminal Mind",
            "Gender, Crime and Justice ",
            "Philosophy of Law "
        ]
    },
    {
        "id": 58,
        "firstName": "Nero",
        "lastName": "Ulysses",
        "email": "inceptos.hymenaeos.Mauris@Proin.edu",
        "programme": "Financial Analysis",
        "courses": [
            "Accounting",
            "Statistics"
        ]
    },
    {
        "id": 59,
        "firstName": "Chase",
        "lastName": "Laith",
        "email": "ridiculus.mus.Donec@netus.org",
        "programme": "Mechanical Engineering",
        "courses": [
            "Machine Element Design",
            "Engineering Analysis I",
            "Calculus & Linear Algebra I "
        ]
    },
    {
        "id": 60,
        "firstName": "Dominic",
        "lastName": "Malcolm",
        "email": "mi.felis.adipiscing@liberoettristique.edu",
        "programme": "Criminology",
        "courses": [
            "Criminal Mind",
            "Gender, Crime and Justice ",
            "Philosophy of Law "
        ]
    },
    {
        "id": 61,
        "firstName": "Ross",
        "lastName": "Hedley",
        "email": "Ut.tincidunt.vehicula@nuncidenim.edu",
        "programme": "Criminology",
        "courses": [
            "Criminal Mind",
            "Gender, Crime and Justice ",
            "Philosophy of Law "
        ]
    },
    {
        "id": 62,
        "firstName": "Abel",
        "lastName": "Garrett",
        "email": "rhoncus@sociisnatoquepenatibus.ca",
        "programme": "Financial Analysis",
        "courses": [
            "Accounting",
            "Statistics"
        ]
    },
    {
        "id": 63,
        "firstName": "Nero",
        "lastName": "Clarke",
        "email": "eget.metus.In@disparturientmontes.org",
        "programme": "Computer Science",
        "courses": [
            "Calculus",
            "Algorithms",
            "Software Development",
            "Ethics"
        ]
    },
    {
        "id": 64,
        "firstName": "Thane",
        "lastName": "Carl",
        "email": "ut.nulla@netuset.co.uk",
        "programme": "Criminology",
        "courses": [
            "Criminal Mind",
            "Gender, Crime and Justice ",
            "Philosophy of Law "
        ]
    },
    {
        "id": 65,
        "firstName": "Jerome",
        "lastName": "Jackson",
        "email": "ac.turpis@facilisislorem.net",
        "programme": "Computer Science",
        "courses": [
            "Calculus",
            "Algorithms",
            "Software Development",
            "Ethics"
        ]
    },
    {
        "id": 66,
        "firstName": "Tate",
        "lastName": "Martin",
        "email": "ante.blandit@semeget.org",
        "programme": "Law",
        "courses": [
            "Criminal Law",
            "Constitutional Law",
            "Property Law",
            "Contracts"
        ]
    },
    {
        "id": 67,
        "firstName": "Caldwell",
        "lastName": "Daniel",
        "email": "lobortis@nequevenenatislacus.net",
        "programme": "Medicine",
        "courses": [
            "Anatomy",
            "Biochemistry",
            "Genetics",
            "Human Behavior."
        ]
    },
    {
        "id": 68,
        "firstName": "Lucian",
        "lastName": "Holmes",
        "email": "Cras@lorem.org",
        "programme": "Medicine",
        "courses": [
            "Anatomy",
            "Biochemistry",
            "Genetics",
            "Human Behavior."
        ]
    },
    {
        "id": 69,
        "firstName": "Akeem",
        "lastName": "Herrod",
        "email": "vel.venenatis@Nullamvelit.com",
        "programme": "Disaster Management",
        "courses": [
            "Disaster Preparedness"
        ]
    },
    {
        "id": 70,
        "firstName": "Vance",
        "lastName": "Colin",
        "email": "quam.vel.sapien@vellectusCum.org",
        "programme": "Disaster Management",
        "courses": [
            "Disaster Preparedness"
        ]
    },
    {
        "id": 71,
        "firstName": "Austin",
        "lastName": "Jelani",
        "email": "Nulla@nuncid.net",
        "programme": "Medicine",
        "courses": [
            "Anatomy",
            "Biochemistry",
            "Genetics",
            "Human Behavior."
        ]
    },
    {
        "id": 72,
        "firstName": "Jackson",
        "lastName": "Honorato",
        "email": "In@vestibulumlorem.com",
        "programme": "Criminology",
        "courses": [
            "Criminal Mind",
            "Gender, Crime and Justice ",
            "Philosophy of Law "
        ]
    },
    {
        "id": 73,
        "firstName": "Lee",
        "lastName": "Acton",
        "email": "rutrum@mattis.org",
        "programme": "Mechanical Engineering",
        "courses": [
            "Machine Element Design",
            "Engineering Analysis I",
            "Calculus & Linear Algebra I "
        ]
    },
    {
        "id": 74,
        "firstName": "Aquila",
        "lastName": "Sylvester",
        "email": "Aliquam.ultrices.iaculis@duiquisaccumsan.co.uk",
        "programme": "Criminology",
        "courses": [
            "Criminal Mind",
            "Gender, Crime and Justice ",
            "Philosophy of Law "
        ]
    },
    {
        "id": 75,
        "firstName": "Baker",
        "lastName": "Cairo",
        "email": "fermentum@diam.com",
        "programme": "Financial Analysis",
        "courses": [
            "Accounting",
            "Statistics"
        ]
    },
    {
        "id": 76,
        "firstName": "Samuel",
        "lastName": "Kibo",
        "email": "semper@enimcommodohendrerit.co.uk",
        "programme": "Criminology",
        "courses": [
            "Criminal Mind",
            "Gender, Crime and Justice ",
            "Philosophy of Law "
        ]
    },
    {
        "id": 77,
        "firstName": "Byron",
        "lastName": "Warren",
        "email": "enim.Etiam.imperdiet@sitamet.ca",
        "programme": "Mechanical Engineering",
        "courses": [
            "Machine Element Design",
            "Engineering Analysis I",
            "Calculus & Linear Algebra I "
        ]
    },
    {
        "id": 78,
        "firstName": "Declan",
        "lastName": "Barclay",
        "email": "Proin.nisl.sem@Aliquamnecenim.org",
        "programme": "Mechanical Engineering",
        "courses": [
            "Machine Element Design",
            "Engineering Analysis I",
            "Calculus & Linear Algebra I "
        ]
    },
    {
        "id": 79,
        "firstName": "Robert",
        "lastName": "Cullen",
        "email": "in.dolor@pede.co.uk",
        "programme": "Disaster Management",
        "courses": [
            "Disaster Preparedness"
        ]
    },
    {
        "id": 80,
        "firstName": "Troy",
        "lastName": "Simon",
        "email": "Cras.vulputate.velit@ornare.org",
        "programme": "Criminology",
        "courses": [
            "Criminal Mind",
            "Gender, Crime and Justice ",
            "Philosophy of Law "
        ]
    },
    {
        "id": 81,
        "firstName": "Tiger",
        "lastName": "Wylie",
        "email": "risus.quis.diam@Proin.ca",
        "programme": "Disaster Management",
        "courses": [
            "Disaster Preparedness"
        ]
    },
    {
        "id": 82,
        "firstName": "Herrod",
        "lastName": "Adam",
        "email": "hendrerit.neque@a.co.uk",
        "programme": "Medicine",
        "courses": [
            "Anatomy",
            "Biochemistry",
            "Genetics",
            "Human Behavior."
        ]
    },
    {
        "id": 83,
        "firstName": "Yuli",
        "lastName": "Griffin",
        "email": "ipsum.non@vitae.co.uk",
        "programme": "Criminology",
        "courses": [
            "Criminal Mind",
            "Gender, Crime and Justice ",
            "Philosophy of Law "
        ]
    },
    {
        "id": 84,
        "firstName": "Chancellor",
        "lastName": "Ali",
        "email": "ultrices@Nullam.net",
        "programme": "Medicine",
        "courses": [
            "Anatomy",
            "Biochemistry",
            "Genetics",
            "Human Behavior."
        ]
    },
    {
        "id": 85,
        "firstName": "Charles",
        "lastName": "Randall",
        "email": "ipsum.porta.elit@morbitristique.net",
        "programme": "Law",
        "courses": [
            "Criminal Law",
            "Constitutional Law",
            "Property Law",
            "Contracts"
        ]
    },
    {
        "id": 86,
        "firstName": "Lucius",
        "lastName": "Gage",
        "email": "auctor.vitae.aliquet@parturient.org",
        "programme": "Disaster Management",
        "courses": [
            "Disaster Preparedness"
        ]
    },
    {
        "id": 87,
        "firstName": "Richard",
        "lastName": "Dane",
        "email": "Nulla.eget@musDonecdignissim.co.uk",
        "programme": "Mechanical Engineering",
        "courses": [
            "Machine Element Design",
            "Engineering Analysis I",
            "Calculus & Linear Algebra I "
        ]
    },
    {
        "id": 88,
        "firstName": "Addison",
        "lastName": "Jermaine",
        "email": "est.Mauris@et.co.uk",
        "programme": "Disaster Management",
        "courses": [
            "Disaster Preparedness"
        ]
    },
    {
        "id": 89,
        "firstName": "Acton",
        "lastName": "Elliott",
        "email": "sem.eget@posuerecubiliaCurae.ca",
        "programme": "Medicine",
        "courses": [
            "Anatomy",
            "Biochemistry",
            "Genetics",
            "Human Behavior."
        ]
    },
    {
        "id": 90,
        "firstName": "Channing",
        "lastName": "Howard",
        "email": "est.congue@velit.com",
        "programme": "Medicine",
        "courses": [
            "Anatomy",
            "Biochemistry",
            "Genetics",
            "Human Behavior."
        ]
    },
    {
        "id": 91,
        "firstName": "Darius",
        "lastName": "Nehru",
        "email": "risus.varius.orci@sitamet.edu",
        "programme": "Medicine",
        "courses": [
            "Anatomy",
            "Biochemistry",
            "Genetics",
            "Human Behavior."
        ]
    },
    {
        "id": 92,
        "firstName": "Walter",
        "lastName": "Arsenio",
        "email": "a.ultricies@duiFusce.edu",
        "programme": "Financial Analysis",
        "courses": [
            "Accounting",
            "Statistics"
        ]
    },
    {
        "id": 93,
        "firstName": "Dieter",
        "lastName": "Matthew",
        "email": "a@pretium.ca",
        "programme": "Mechanical Engineering",
        "courses": [
            "Machine Element Design",
            "Engineering Analysis I",
            "Calculus & Linear Algebra I "
        ]
    },
    {
        "id": 94,
        "firstName": "Evan",
        "lastName": "Yoshio",
        "email": "sapien.gravida.non@noncursus.com",
        "programme": "Financial Analysis",
        "courses": [
            "Accounting",
            "Statistics"
        ]
    },
    {
        "id": 95,
        "firstName": "Hamilton",
        "lastName": "Dennis",
        "email": "luctus.lobortis@nonbibendumsed.com",
        "programme": "Mechanical Engineering",
        "courses": [
            "Machine Element Design",
            "Engineering Analysis I",
            "Calculus & Linear Algebra I "
        ]
    },
    {
        "id": 96,
        "firstName": "Gavin",
        "lastName": "Driscoll",
        "email": "lacinia.mattis@risusDonec.net",
        "programme": "Medicine",
        "courses": [
            "Anatomy",
            "Biochemistry",
            "Genetics",
            "Human Behavior."
        ]
    },
    {
        "id": 97,
        "firstName": "Brendan",
        "lastName": "Allistair",
        "email": "Nunc.laoreet@Sed.ca",
        "programme": "Computer Science",
        "courses": [
            "Calculus",
            "Algorithms",
            "Software Development",
            "Ethics"
        ]
    },
    {
        "id": 98,
        "firstName": "Gary",
        "lastName": "Robert",
        "email": "molestie@vitaesemper.ca",
        "programme": "Computer Science",
        "courses": [
            "Calculus",
            "Algorithms",
            "Software Development",
            "Ethics"
        ]
    },
    {
        "id": 99,
        "firstName": "Fletcher",
        "lastName": "Brenden",
        "email": "semper@nequesed.co.uk",
        "programme": "Computer Science",
        "courses": [
            "Calculus",
            "Algorithms",
            "Software Development",
            "Ethics"
        ]
    },
    {
        "id": 100,
        "firstName": "Oscar",
        "lastName": "Barclay",
        "email": "non.ante.bibendum@risusDonecegestas.edu",
        "programme": "Mechanical Engineering",
        "courses": [
            "Machine Element Design",
            "Engineering Analysis I",
            "Calculus & Linear Algebra I "
        ]
    },
    {
        "id": 102,
        "firstName": "Elnore",
        "lastName": "Carlsson",
        "email": "ecarlsson2@google.es",
        "programme": "Information Science",
        "courses": [
            "python",
            "Ruby"
        ]
    },
    {
        "id": 103,
        "firstName": "Rickey",
        "lastName": "Castelin",
        "email": "rcastelinu@quantcast.com",
        "programme": "Automation Testing",
        "courses": [
            "c#",
            "Ruby"
        ]
    },
    {
        "id": 104,
        "firstName": "Avivah",
        "lastName": "Shalcras",
        "email": "ashalcrasq@oakley.com",
        "programme": "Information Science",
        "courses": [
            "Jave",
            "JS"
        ]
    },
    {
        "id": 105,
        "firstName": "Orland",
        "lastName": "Trace",
        "email": "otracen@ovh.net",
        "programme": "Automation Testing",
        "courses": [
            "Jave",
            "Ruby"
        ]
    },
    {
        "id": 106,
        "firstName": "Bonny",
        "lastName": "Georgescu",
        "email": "bgeorgescu1@who.int",
        "programme": "Automation Testing",
        "courses": [
            "c#",
            "Ruby"
        ]
    },
    {
        "id": 107,
        "firstName": "Carroll",
        "lastName": "Kulicke",
        "email": "ckulickea@rakuten.co.jp",
        "programme": "Automation Testing",
        "courses": [
            "Jave",
            "Ruby"
        ]
    },
    {
        "id": 108,
        "firstName": "Shari",
        "lastName": "Kenryd",
        "email": "skenryd6@macromedia.com",
        "programme": "Information Science",
        "courses": [
            "python",
            "JS"
        ]
    },
    {
        "id": 109,
        "firstName": "Moises",
        "lastName": "Comins",
        "email": "mcominsg@businessweek.com",
        "programme": "Manual testing",
        "courses": [
            "python",
            "JS"
        ]
    },
    {
        "id": 110,
        "firstName": "Sinclare",
        "lastName": "Papa",
        "email": "spapa4@washingtonpost.com",
        "programme": "Automation Testing",
        "courses": [
            "c#",
            "Ruby"
        ]
    },
    {
        "id": 111,
        "firstName": "Lexi",
        "lastName": "Werlock",
        "email": "lwerlockp@independent.co.uk",
        "programme": "Information Science",
        "courses": [
            "c#",
            "Ruby"
        ]
    },
    {
        "id": 112,
        "firstName": "Bernete",
        "lastName": "Eminson",
        "email": "beminsone@oaic.gov.au",
        "programme": "Manual testing",
        "courses": [
            "Jave",
            "JS"
        ]
    },
    {
        "id": 113,
        "firstName": "Hatti",
        "lastName": "Bilsland",
        "email": "hbilslandd@oaic.gov.au",
        "programme": "Information Science",
        "courses": [
            "Jave",
            "JS"
        ]
    },
    {
        "id": 114,
        "firstName": "Johanna",
        "lastName": "Folan",
        "email": "jfolani@friendfeed.com",
        "programme": "Information Science",
        "courses": [
            "Jave",
            "JS"
        ]
    },
    {
        "id": 115,
        "firstName": "Shay",
        "lastName": "Favell",
        "email": "sfavell7@mapy.cz",
        "programme": "Automation Testing",
        "courses": [
            "python",
            "JS"
        ]
    },
    {
        "id": 116,
        "firstName": "Karalynn",
        "lastName": "Bridell",
        "email": "kbridellc@blinklist.com",
        "programme": "Automation Testing",
        "courses": [
            "python",
            "JS"
        ]
    },
    {
        "id": 117,
        "firstName": "Ealasaid",
        "lastName": "Georgeson",
        "email": "egeorgesono@naver.com",
        "programme": "Manual testing",
        "courses": [
            "c#",
            "JS"
        ]
    },
    {
        "id": 118,
        "firstName": "Barthel",
        "lastName": "Macallam",
        "email": "bmacallamx@thetimes.co.uk",
        "programme": "Manual testing",
        "courses": [
            "python",
            "Ruby"
        ]
    },
    {
        "id": 119,
        "firstName": "Flinn",
        "lastName": "Rolance",
        "email": "frolance5@addtoany.com",
        "programme": "Manual testing",
        "courses": [
            "python",
            "JS"
        ]
    },
    {
        "id": 120,
        "firstName": "Pete",
        "lastName": "Rushford",
        "email": "prushford9@t.co",
        "programme": "Information Science",
        "courses": [
            "python",
            "JS"
        ]
    },
    {
        "id": 121,
        "firstName": "Bentley",
        "lastName": "Konrad",
        "email": "bkonradm@google.ru",
        "programme": "Information Science",
        "courses": [
            "python",
            "Ruby"
        ]
    },
    {
        "id": 122,
        "firstName": "Arline",
        "lastName": "Sissot",
        "email": "asissoth@blog.com",
        "programme": "Information Science",
        "courses": [
            "python",
            "JS"
        ]
    },
    {
        "id": 123,
        "firstName": "Melina",
        "lastName": "Camies",
        "email": "mcamies3@admin.ch",
        "programme": "Manual testing",
        "courses": [
            "c#",
            "Ruby"
        ]
    },
    {
        "id": 124,
        "firstName": "Caroljean",
        "lastName": "Shovelbottom",
        "email": "cshovelbottom8@eepurl.com",
        "programme": "Manual testing",
        "courses": [
            "c#",
            "Ruby"
        ]
    },
    {
        "id": 125,
        "firstName": "Clareta",
        "lastName": "Tinklin",
        "email": "ctinklink@mapquest.com",
        "programme": "Manual testing",
        "courses": [
            "python",
            "Ruby"
        ]
    },
    {
        "id": 126,
        "firstName": "Krispin",
        "lastName": "Rodolphe",
        "email": "krodolphe0@sourceforge.net",
        "programme": "Information Science",
        "courses": [
            "python",
            "Ruby"
        ]
    },
    {
        "id": 127,
        "firstName": "Daniel",
        "lastName": "MacCurlye",
        "email": "dmaccurlyel@businessweek.com",
        "programme": "Automation Testing",
        "courses": [
            "c#",
            "JS"
        ]
    },
    {
        "id": 128,
        "firstName": "Nerissa",
        "lastName": "Pourvoieur",
        "email": "npourvoieurz@dyndns.org",
        "programme": "Information Science",
        "courses": [
            "c#",
            "JS"
        ]
    },
    {
        "id": 129,
        "firstName": "Cassie",
        "lastName": "Schaumaker",
        "email": "cschaumaker11@hhs.gov",
        "programme": "Automation Testing",
        "courses": [
            "c#",
            "JS"
        ]
    },
    {
        "id": 130,
        "firstName": "Pasquale",
        "lastName": "Kidson",
        "email": "pkidson12@rakuten.co.jp",
        "programme": "Manual testing",
        "courses": [
            "Jave",
            "Ruby"
        ]
    },
    {
        "id": 131,
        "firstName": "Amity",
        "lastName": "Babst",
        "email": "ababstb@geocities.com",
        "programme": "Automation Testing",
        "courses": [
            "c#",
            "Ruby"
        ]
    },
    {
        "id": 132,
        "firstName": "Lorin",
        "lastName": "Mockett",
        "email": "lmockettw@1688.com",
        "programme": "Manual testing",
        "courses": [
            "Jave",
            "Ruby"
        ]
    },
    {
        "id": 133,
        "firstName": "Lou",
        "lastName": "Cobbald",
        "email": "lcobbaldv@fc2.com",
        "programme": "Automation Testing",
        "courses": [
            "python",
            "Ruby"
        ]
    },
    {
        "id": 134,
        "firstName": "Marysa",
        "lastName": "Gisburne",
        "email": "mgisburnef@flavors.me",
        "programme": "Manual testing",
        "courses": [
            "c#",
            "JS"
        ]
    },
    {
        "id": 135,
        "firstName": "Gillan",
        "lastName": "Geaves",
        "email": "ggeaves14@guardian.co.uk",
        "programme": "Manual testing",
        "courses": [
            "python",
            "Ruby"
        ]
    },
    {
        "id": 136,
        "firstName": "Barnard",
        "lastName": "Bateson",
        "email": "bbatesont@utexas.edu",
        "programme": "Automation Testing",
        "courses": [
            "c#",
            "JS"
        ]
    },
    {
        "id": 137,
        "firstName": "Andras",
        "lastName": "Mellers",
        "email": "amellersj@wikia.com",
        "programme": "Automation Testing",
        "courses": [
            "python",
            "JS"
        ]
    },
    {
        "id": 138,
        "firstName": "Luz",
        "lastName": "Parkins",
        "email": "lparkinsr@php.net",
        "programme": "Automation Testing",
        "courses": [
            "Jave",
            "Ruby"
        ]
    },
    {
        "id": 139,
        "firstName": "Joella",
        "lastName": "Chesshire",
        "email": "jchesshire19@latimes.com",
        "programme": "Automation Testing",
        "courses": [
            "python",
            "Ruby"
        ]
    },
    {
        "id": 140,
        "firstName": "Jack",
        "lastName": "Kilfeder",
        "email": "jkilfeders@odnoklassniki.ru",
        "programme": "Information Science",
        "courses": [
            "python",
            "JS"
        ]
    },
    {
        "id": 141,
        "firstName": "Cleavland",
        "lastName": "Duffield",
        "email": "cduffield1f@issuu.com",
        "programme": "Information Science",
        "courses": [
            "c#",
            "JS"
        ]
    },
    {
        "id": 142,
        "firstName": "Chelsie",
        "lastName": "Gadaud",
        "email": "cgadaudy@scribd.com",
        "programme": "Information Science",
        "courses": [
            "Jave",
            "Ruby"
        ]
    },
    {
        "id": 143,
        "firstName": "Hercules",
        "lastName": "Dawtre",
        "email": "hdawtre1e@blog.com",
        "programme": "Information Science",
        "courses": [
            "Jave",
            "Ruby"
        ]
    },
    {
        "id": 144,
        "firstName": "Ximenez",
        "lastName": "Matousek",
        "email": "xmatousek15@themeforest.net",
        "programme": "Automation Testing",
        "courses": [
            "python",
            "JS"
        ]
    },
    {
        "id": 145,
        "firstName": "Danyette",
        "lastName": "Lakey",
        "email": "dlakey18@blogger.com",
        "programme": "Automation Testing",
        "courses": [
            "c#",
            "JS"
        ]
    },
    {
        "id": 146,
        "firstName": "Patricia",
        "lastName": "Call",
        "email": "pcall1n@bandcamp.com",
        "programme": "Manual testing",
        "courses": [
            "Jave",
            "JS"
        ]
    },
    {
        "id": 147,
        "firstName": "Ellynn",
        "lastName": "Sangar",
        "email": "esangar17@histats.com",
        "programme": "Automation Testing",
        "courses": [
            "python",
            "Ruby"
        ]
    },
    {
        "id": 148,
        "firstName": "Clayborn",
        "lastName": "Hancox",
        "email": "chancox1b@google.nl",
        "programme": "Information Science",
        "courses": [
            "python",
            "JS"
        ]
    },
    {
        "id": 149,
        "firstName": "Ivette",
        "lastName": "Adrien",
        "email": "iadrien13@army.mil",
        "programme": "Automation Testing",
        "courses": [
            "Jave",
            "Ruby"
        ]
    },
    {
        "id": 150,
        "firstName": "Sheba",
        "lastName": "Moggach",
        "email": "smoggach1g@adobe.com",
        "programme": "Automation Testing",
        "courses": [
            "Jave",
            "JS"
        ]
    },
    {
        "id": 151,
        "firstName": "Yule",
        "lastName": "Willoughby",
        "email": "ywilloughby1i@soundcloud.com",
        "programme": "Information Science",
        "courses": [
            "python",
            "JS"
        ]
    },
    {
        "id": 152,
        "firstName": "Fiona",
        "lastName": "Daviot",
        "email": "fdaviot1j@usatoday.com",
        "programme": "Information Science",
        "courses": [
            "python",
            "Ruby"
        ]
    },
    {
        "id": 153,
        "firstName": "Dulcy",
        "lastName": "Oulet",
        "email": "doulet1d@mashable.com",
        "programme": "Information Science",
        "courses": [
            "c#",
            "Ruby"
        ]
    },
    {
        "id": 154,
        "firstName": "My",
        "lastName": "Witsey",
        "email": "mwitsey16@nytimes.com",
        "programme": "Automation Testing",
        "courses": [
            "c#",
            "Ruby"
        ]
    },
    {
        "id": 155,
        "firstName": "Arte",
        "lastName": "Freke",
        "email": "afreke1o@friendfeed.com",
        "programme": "Manual testing",
        "courses": [
            "Jave",
            "JS"
        ]
    },
    {
        "id": 156,
        "firstName": "Wesley",
        "lastName": "Cordaroy",
        "email": "wcordaroy1p@ftc.gov",
        "programme": "Manual testing",
        "courses": [
            "c#",
            "JS"
        ]
    },
    {
        "id": 157,
        "firstName": "Arturo",
        "lastName": "Rowe",
        "email": "arowe1a@google.co.jp",
        "programme": "Information Science",
        "courses": [
            "c#",
            "JS"
        ]
    },
    {
        "id": 158,
        "firstName": "Desirae",
        "lastName": "Buse",
        "email": "dbuse1t@moonfruit.com",
        "programme": "Information Science",
        "courses": [
            "Jave",
            "JS"
        ]
    },
    {
        "id": 159,
        "firstName": "Lexy",
        "lastName": "Gallehock",
        "email": "lgallehock1s@lulu.com",
        "programme": "Automation Testing",
        "courses": [
            "python",
            "JS"
        ]
    },
    {
        "id": 160,
        "firstName": "Jess",
        "lastName": "Crowest",
        "email": "jcrowest20@ed.gov",
        "programme": "Information Science",
        "courses": [
            "c#",
            "Ruby"
        ]
    },
    {
        "id": 161,
        "firstName": "Carmita",
        "lastName": "Eplett",
        "email": "ceplett1c@state.tx.us",
        "programme": "Manual testing",
        "courses": [
            "python",
            "Ruby"
        ]
    },
    {
        "id": 162,
        "firstName": "Gale",
        "lastName": "Barron",
        "email": "gbarron1m@umn.edu",
        "programme": "Automation Testing",
        "courses": [
            "python",
            "JS"
        ]
    },
    {
        "id": 163,
        "firstName": "Starlin",
        "lastName": "Bettaney",
        "email": "sbettaney10@shutterfly.com",
        "programme": "Information Science",
        "courses": [
            "Jave",
            "JS"
        ]
    },
    {
        "id": 164,
        "firstName": "Sigismund",
        "lastName": "Pauley",
        "email": "spauley1k@yellowbook.com",
        "programme": "Manual testing",
        "courses": [
            "c#",
            "Ruby"
        ]
    },
    {
        "id": 165,
        "firstName": "Al",
        "lastName": "Pitrelli",
        "email": "apitrelli1h@jimdo.com",
        "programme": "Information Science",
        "courses": [
            "python",
            "Ruby"
        ]
    },
    {
        "id": 166,
        "firstName": "Kristopher",
        "lastName": "Eagling",
        "email": "keagling24@chronoengine.com",
        "programme": "Automation Testing",
        "courses": [
            "python",
            "JS"
        ]
    },
    {
        "id": 167,
        "firstName": "Aleksandr",
        "lastName": "Scorey",
        "email": "ascorey1x@devhub.com",
        "programme": "Automation Testing",
        "courses": [
            "python",
            "Ruby"
        ]
    },
    {
        "id": 168,
        "firstName": "Murray",
        "lastName": "Wagon",
        "email": "mwagon1l@slashdot.org",
        "programme": "Automation Testing",
        "courses": [
            "c#",
            "JS"
        ]
    },
    {
        "id": 169,
        "firstName": "Fransisco",
        "lastName": "Camerati",
        "email": "fcamerati1v@umn.edu",
        "programme": "Manual testing",
        "courses": [
            "c#",
            "JS"
        ]
    },
    {
        "id": 170,
        "firstName": "Phineas",
        "lastName": "Leisk",
        "email": "pleisk1u@angelfire.com",
        "programme": "Manual testing",
        "courses": [
            "c#",
            "Ruby"
        ]
    },
    {
        "id": 171,
        "firstName": "Hadlee",
        "lastName": "Gibling",
        "email": "hgibling1q@netlog.com",
        "programme": "Manual testing",
        "courses": [
            "python",
            "JS"
        ]
    },
    {
        "id": 172,
        "firstName": "Chaunce",
        "lastName": "Burdikin",
        "email": "cburdikin1r@tumblr.com",
        "programme": "Manual testing",
        "courses": [
            "c#",
            "JS"
        ]
    },
    {
        "id": 173,
        "firstName": "Poppy",
        "lastName": "Esparza",
        "email": "pesparza27@nsw.gov.au",
        "programme": "Manual testing",
        "courses": [
            "c#",
            "JS"
        ]
    },
    {
        "id": 174,
        "firstName": "Ariana",
        "lastName": "Hriinchenko",
        "email": "ahriinchenko26@accuweather.com",
        "programme": "Information Science",
        "courses": [
            "Jave",
            "Ruby"
        ]
    },
    {
        "id": 175,
        "firstName": "Mischa",
        "lastName": "Marke",
        "email": "mmarke23@yelp.com",
        "programme": "Automation Testing",
        "courses": [
            "python",
            "Ruby"
        ]
    },
    {
        "id": 176,
        "firstName": "Willow",
        "lastName": "Heasman",
        "email": "wheasman1y@cyberchimps.com",
        "programme": "Manual testing",
        "courses": [
            "c#",
            "JS"
        ]
    },
    {
        "id": 177,
        "firstName": "Bryn",
        "lastName": "Wildish",
        "email": "bwildish1w@cdbaby.com",
        "programme": "Manual testing",
        "courses": [
            "python",
            "Ruby"
        ]
    },
    {
        "id": 178,
        "firstName": "Ruprecht",
        "lastName": "Behninck",
        "email": "rbehninck2d@fema.gov",
        "programme": "Automation Testing",
        "courses": [
            "python",
            "Ruby"
        ]
    },
    {
        "id": 179,
        "firstName": "Brianna",
        "lastName": "Andrick",
        "email": "bandrick25@acquirethisname.com",
        "programme": "Manual testing",
        "courses": [
            "python",
            "Ruby"
        ]
    },
    {
        "id": 180,
        "firstName": "Klaus",
        "lastName": "Antuoni",
        "email": "kantuoni1z@ucoz.com",
        "programme": "Manual testing",
        "courses": [
            "c#",
            "JS"
        ]
    },
    {
        "id": 181,
        "firstName": "Gradey",
        "lastName": "O'Heaney",
        "email": "goheaney21@nyu.edu",
        "programme": "Manual testing",
        "courses": [
            "Jave",
            "JS"
        ]
    },
    {
        "id": 182,
        "firstName": "Brig",
        "lastName": "Esom",
        "email": "besom28@intel.com",
        "programme": "Automation Testing",
        "courses": [
            "Jave",
            "Ruby"
        ]
    },
    {
        "id": 183,
        "firstName": "Susan",
        "lastName": "Drains",
        "email": "sdrains29@mysql.com",
        "programme": "Automation Testing",
        "courses": [
            "python",
            "JS"
        ]
    },
    {
        "id": 184,
        "firstName": "Flemming",
        "lastName": "Moore",
        "email": "fmoore2b@buzzfeed.com",
        "programme": "Manual testing",
        "courses": [
            "python",
            "JS"
        ]
    },
    {
        "id": 185,
        "firstName": "Abie",
        "lastName": "Corlett",
        "email": "acorlett22@unicef.org",
        "programme": "Manual testing",
        "courses": [
            "c#",
            "Ruby"
        ]
    },
    {
        "id": 186,
        "firstName": "Briggs",
        "lastName": "Jolin",
        "email": "bjolin2c@bandcamp.com",
        "programme": "Automation Testing",
        "courses": [
            "python",
            "Ruby"
        ]
    },
    {
        "id": 187,
        "firstName": "Roderich",
        "lastName": "Wathey",
        "email": "rwathey2e@noaa.gov",
        "programme": "Manual testing",
        "courses": [
            "Jave",
            "JS"
        ]
    },
    {
        "id": 188,
        "firstName": "Marlow",
        "lastName": "Collet",
        "email": "mcollet2h@un.org",
        "programme": "Automation Testing",
        "courses": [
            "c#",
            "JS"
        ]
    },
    {
        "id": 189,
        "firstName": "Thibaud",
        "lastName": "Hourihane",
        "email": "thourihane2j@blinklist.com",
        "programme": "Automation Testing",
        "courses": [
            "python",
            "Ruby"
        ]
    },
    {
        "id": 190,
        "firstName": "Lizzy",
        "lastName": "Dilley",
        "email": "ldilley2k@squidoo.com",
        "programme": "Manual testing",
        "courses": [
            "python",
            "Ruby"
        ]
    },
    {
        "id": 191,
        "firstName": "Michelina",
        "lastName": "Henrichsen",
        "email": "mhenrichsen2a@admin.ch",
        "programme": "Manual testing",
        "courses": [
            "python",
            "Ruby"
        ]
    },
    {
        "id": 192,
        "firstName": "Fidel",
        "lastName": "Liptrot",
        "email": "fliptrot2m@topsy.com",
        "programme": "Automation Testing",
        "courses": [
            "python",
            "JS"
        ]
    },
    {
        "id": 193,
        "firstName": "Farrell",
        "lastName": "McLise",
        "email": "fmclise2l@vk.com",
        "programme": "Information Science",
        "courses": [
            "c#",
            "JS"
        ]
    },
    {
        "id": 194,
        "firstName": "Sheela",
        "lastName": "Grindley",
        "email": "sgrindley2p@acquirethisname.com",
        "programme": "Manual testing",
        "courses": [
            "python",
            "JS"
        ]
    },
    {
        "id": 195,
        "firstName": "Jany",
        "lastName": "Valadez",
        "email": "jvaladez2i@umich.edu",
        "programme": "Manual testing",
        "courses": [
            "Jave",
            "Ruby"
        ]
    },
    {
        "id": 196,
        "firstName": "Rosette",
        "lastName": "Pimley",
        "email": "rpimley2f@sfgate.com",
        "programme": "Manual testing",
        "courses": [
            "c#",
            "Ruby"
        ]
    },
    {
        "id": 197,
        "firstName": "Deck",
        "lastName": "Berthelet",
        "email": "dberthelet2q@wiley.com",
        "programme": "Information Science",
        "courses": [
            "c#",
            "Ruby"
        ]
    },
    {
        "id": 198,
        "firstName": "Ray",
        "lastName": "Firebrace",
        "email": "rfirebrace2o@flickr.com",
        "programme": "Information Science",
        "courses": [
            "python",
            "Ruby"
        ]
    },
    {
        "id": 199,
        "firstName": "Sandi",
        "lastName": "Cuningham",
        "email": "scuningham2n@fastcompany.com",
        "programme": "Manual testing",
        "courses": [
            "python",
            "Ruby"
        ]
    },
    {
        "id": 200,
        "firstName": "Berti",
        "lastName": "Stutter",
        "email": "bstutter2r@ucla.edu",
        "programme": "Information Science",
        "courses": [
            "Jave",
            "Ruby"
        ]
    },
    {
        "id": 201,
        "firstName": "Rock",
        "lastName": "Guntrip",
        "email": "rguntrip2g@mapy.cz",
        "programme": "Information Science",
        "courses": [
            "python",
            "JS"
        ]
    },
    {
        "id": 210,
        "firstName": "Prime",
        "lastName": "prime1",
        "email": "prime1@gmail.com",
        "programme": "Computer Science",
        "courses": [
            "JAVA"
        ]
    },
    {
        "id": 211,
        "firstName": "Prime2",
        "lastName": "prime3",
        "email": "prime2@gmail.com",
        "programme": "Api Testing",
        "courses": [
            "Python"
        ]
    },
    {
        "id": 214,
        "firstName": "Prime2",
        "lastName": "prime3",
        "email": "61107prime2@gmail.com",
        "programme": "Api Testing",
        "courses": [
            "Python"
        ]
    },
    {
        "id": 216,
        "firstName": "Prime",
        "lastName": "prime1",
        "email": "67637prime1@gmail.com",
        "programme": "Computer Science",
        "courses": [
            "JAVA"
        ]
    },
    {
        "id": 217,
        "firstName": "Prime2",
        "lastName": "prime3",
        "email": "1290prime2@gmail.com",
        "programme": "Api Testing",
        "courses": [
            "Python"
        ]
    }
]
]]></system-out>
    <system-err><![CDATA[5659 [main] INFO net.serenitybdd.rest.decorators.request.RequestSpecificationDecorated - No BaseStepListener, GET /list not registered.
]]></system-err>
  </testcase>
  <testcase name="thisIsAPending" classname="com.studentapp.studentinfo.FirstSerenityTest" time="0"/>
  <testcase name="getAllStudents" classname="com.studentapp.studentinfo.FirstSerenityTest" time="0.202"/>
</testsuite>