<?xml version="1.0" encoding="UTF-8"?><testsuite errors="0" failures="0" name="com.studentapp.studentinfo.StudentCURDTestWithSteps" skipped="0" tests="4" time="1.18" timestamp="2022-01-15T13:15:23.254Z[Europe/London]"><testcase classname="com.studentapp.studentinfo.StudentCURDTestWithSteps" name="This will create a new student"/><testcase classname="com.studentapp.studentinfo.StudentCURDTestWithSteps" name="Verify if the student was added to the application"/><testcase classname="com.studentapp.studentinfo.StudentCURDTestWithSteps" name="Update the user information and verify the updated information"/><testcase classname="com.studentapp.studentinfo.StudentCURDTestWithSteps" name="Delete the student and verify if the student is deleted!"/></testsuite>